<?xml version="1.0" encoding="UTF-8"?>
<testsuite xmlns:xsi="http://www.w3.org/2001/XMLSchema-instance" xsi:noNamespaceSchemaLocation="https://maven.apache.org/surefire/maven-surefire-plugin/xsd/surefire-test-report-3.0.xsd" version="3.0" name="com.revature.service.UserServiceTest" time="1.866" tests="3" errors="0" skipped="0" failures="0">
  <properties>
[...]
</properties>
  <testcase name="getAllReimbursement_positive" classname="com.revature.service.UserServiceTest" time="1.831">
    <system-out><![CDATA[14:50:22.617 [main] INFO com.revature.service.ReimbursementService - getAllReimbursemnets
]]></system-out>
  </testcase>
  <testcase name="getUserNameAndPassword_NegativeTest_UsersReturnsNull" classname="com.revature.service.UserServiceTest" time="0.005"/>
  <testcase name="getUsernameAndPassword_PositiveTest" classname="com.revature.service.UserServiceTest" time="0.005"/>
</testsuite>