<?xml version="1.0" encoding="UTF-8"?><testrun name="TestRunner" project="E2E-testing" tests="6" started="6" failures="0" errors="1" ignored="0">
  <testsuite name="Login" time="27.102" uniqueid="[engine:cucumber]/[feature:classpath%3Acom%2Frevature%2Ffeature%2Flogin.feature]">
    <testcase name="Invalid password, valid username " classname="negative test" time="6.158" uniqueid="[engine:cucumber]/[feature:classpath%3Acom%2Frevature%2Ffeature%2Flogin.feature]/[scenario:5]"/>
    <testcase name="Invalid password, invalid username " classname="negative test" time="6.065" uniqueid="[engine:cucumber]/[feature:classpath%3Acom%2Frevature%2Ffeature%2Flogin.feature]/[scenario:12]"/>
    <testcase name="Valid password, invalid username " classname="negative test" time="4.635" uniqueid="[engine:cucumber]/[feature:classpath%3Acom%2Frevature%2Ffeature%2Flogin.feature]/[scenario:19]"/>
    <testsuite name="Successful employee login" time="5.37" uniqueid="[engine:cucumber]/[feature:classpath%3Acom%2Frevature%2Ffeature%2Flogin.feature]/[scenario:30]">
      <testsuite name="Examples" time="5.37" uniqueid="[engine:cucumber]/[feature:classpath%3Acom%2Frevature%2Ffeature%2Flogin.feature]/[scenario:30]/[examples:37]">
        <testcase name="Example #1" classname="Example #1" time="5.37" uniqueid="[engine:cucumber]/[feature:classpath%3Acom%2Frevature%2Ffeature%2Flogin.feature]/[scenario:30]/[examples:37]/[example:39]"/>
      </testsuite>
    </testsuite>
    <testsuite name="Successful manager login" time="4.87" uniqueid="[engine:cucumber]/[feature:classpath%3Acom%2Frevature%2Ffeature%2Flogin.feature]/[scenario:42]">
      <testsuite name="Examples" time="4.87" uniqueid="[engine:cucumber]/[feature:classpath%3Acom%2Frevature%2Ffeature%2Flogin.feature]/[scenario:42]/[examples:49]">
        <testcase name="Example #1" classname="Example #1" time="4.87" uniqueid="[engine:cucumber]/[feature:classpath%3Acom%2Frevature%2Ffeature%2Flogin.feature]/[scenario:42]/[examples:49]/[example:51]"/>
      </testsuite>
    </testsuite>
  </testsuite>
  <testsuite name="Signup" time="8.624" uniqueid="[engine:cucumber]/[feature:classpath%3Acom%2Frevature%2Ffeature%2Fsignup.feature]">
    <testsuite name="Invalid first name, valid username, valid password, valid last name, valid email, valid role  (negative test)" time="8.624" uniqueid="[engine:cucumber]/[feature:classpath%3Acom%2Frevature%2Ffeature%2Fsignup.feature]/[scenario:5]">
      <testsuite name="Examples" time="8.624" uniqueid="[engine:cucumber]/[feature:classpath%3Acom%2Frevature%2Ffeature%2Fsignup.feature]/[scenario:5]/[examples:16]">
        <testcase name="Example #1" classname="Example #1" time="8.624" uniqueid="[engine:cucumber]/[feature:classpath%3Acom%2Frevature%2Ffeature%2Fsignup.feature]/[scenario:5]/[examples:16]/[example:18]">
          <error>java.lang.NullPointerException: Cannot invoke "com.revature.page.LoginPage.getUsernameInput()" because "this.loginPage" is null&#13;
	at com.revature.gluecode.LoginTest.i_type_in_a_valid_username_of(LoginTest.java:34)&#13;
	at âœ½.I type in a username of "yudh45"(classpath:com/revature/feature/signup.feature:7)&#13;
&#13;
</error>
        </testcase>
      </testsuite>
    </testsuite>
  </testsuite>
</testrun>
